[debug] [2025-08-23T15:15:44.502Z] ----------------------------------------------------------------------
[debug] [2025-08-23T15:15:44.504Z] Command:       /home/funmilayo/.nvm/versions/node/v22.17.0/bin/node /home/funmilayo/.nvm/versions/node/v22.17.0/bin/firebase init functions
[debug] [2025-08-23T15:15:44.505Z] CLI Version:   14.12.1
[debug] [2025-08-23T15:15:44.505Z] Platform:      linux
[debug] [2025-08-23T15:15:44.505Z] Node Version:  v22.17.0
[debug] [2025-08-23T15:15:44.505Z] Time:          Sat Aug 23 2025 16:15:44 GMT+0100 (West Africa Standard Time)
[debug] [2025-08-23T15:15:44.506Z] ----------------------------------------------------------------------
[debug] 
[debug] [2025-08-23T15:15:44.511Z] > command requires scopes: ["email","openid","https://www.googleapis.com/auth/cloudplatformprojects.readonly","https://www.googleapis.com/auth/firebase","https://www.googleapis.com/auth/cloud-platform"]
[debug] [2025-08-23T15:15:44.511Z] > authorizing via signed-in user (funmmy565@gmail.com)
[info] 
     ######## #### ########  ######## ########     ###     ######  ########
     ##        ##  ##     ## ##       ##     ##  ##   ##  ##       ##
     ######    ##  ########  ######   ########  #########  ######  ######
     ##        ##  ##    ##  ##       ##     ## ##     ##       ## ##
     ##       #### ##     ## ######## ########  ##     ##  ######  ########

You're about to initialize a Firebase project in this directory:

  /home/funmilayo/Desktop/Gigs/scriptly

[info] 
=== Project Setup
[info] 
[info] First, let's associate this project directory with a Firebase project.
[info] You can create multiple project aliases by running firebase use --add, 
[info] but for now we'll just set up a default project.
[info] 
[debug] [2025-08-23T15:15:45.856Z] Checked if tokens are valid: true, expires at: 1755965290257
[debug] [2025-08-23T15:15:45.856Z] Checked if tokens are valid: true, expires at: 1755965290257
[debug] [2025-08-23T15:15:45.858Z] >>> [apiv2][query] GET https://firebase.googleapis.com/v1beta1/projects pageSize=100
[debug] [2025-08-23T15:15:46.241Z] *** [apiv2] error from fetch(https://firebase.googleapis.com/v1beta1/projects?pageSize=100, {"headers":{},"method":"GET","signal":{}}): FetchError: request to https://firebase.googleapis.com/v1beta1/projects?pageSize=100 failed, reason: 
[debug] [2025-08-23T15:15:46.241Z] Failed to make request to https://firebase.googleapis.com/v1beta1/projects?pageSize=100
[debug] [2025-08-23T15:15:46.541Z] FirebaseError: Failed to make request to https://firebase.googleapis.com/v1beta1/projects?pageSize=100
    at RetryOperation._fn (/home/funmilayo/.nvm/versions/node/v22.17.0/lib/node_modules/firebase-tools/lib/apiv2.js:261:31)
    at process.processTicksAndRejections (node:internal/process/task_queues:105:5)
[error] 
[error] Error: Failed to list Firebase projects. See firebase-debug.log for more info.
[debug] [2025-08-23T15:15:54.513Z] ----------------------------------------------------------------------
[debug] [2025-08-23T15:15:54.516Z] Command:       /home/funmilayo/.nvm/versions/node/v22.17.0/bin/node /home/funmilayo/.nvm/versions/node/v22.17.0/bin/firebase init functions
[debug] [2025-08-23T15:15:54.516Z] CLI Version:   14.12.1
[debug] [2025-08-23T15:15:54.516Z] Platform:      linux
[debug] [2025-08-23T15:15:54.516Z] Node Version:  v22.17.0
[debug] [2025-08-23T15:15:54.517Z] Time:          Sat Aug 23 2025 16:15:54 GMT+0100 (West Africa Standard Time)
[debug] [2025-08-23T15:15:54.517Z] ----------------------------------------------------------------------
[debug] 
[debug] [2025-08-23T15:15:54.522Z] > command requires scopes: ["email","openid","https://www.googleapis.com/auth/cloudplatformprojects.readonly","https://www.googleapis.com/auth/firebase","https://www.googleapis.com/auth/cloud-platform"]
[debug] [2025-08-23T15:15:54.523Z] > authorizing via signed-in user (funmmy565@gmail.com)
[info] 
     ######## #### ########  ######## ########     ###     ######  ########
     ##        ##  ##     ## ##       ##     ##  ##   ##  ##       ##
     ######    ##  ########  ######   ########  #########  ######  ######
     ##        ##  ##    ##  ##       ##     ## ##     ##       ## ##
     ##       #### ##     ## ######## ########  ##     ##  ######  ########

You're about to initialize a Firebase project in this directory:

  /home/funmilayo/Desktop/Gigs/scriptly

[info] 
=== Project Setup
[info] 
[info] First, let's associate this project directory with a Firebase project.
[info] You can create multiple project aliases by running firebase use --add, 
[info] but for now we'll just set up a default project.
[info] 
[debug] [2025-08-23T15:15:55.744Z] Checked if tokens are valid: true, expires at: 1755965290257
[debug] [2025-08-23T15:15:55.744Z] Checked if tokens are valid: true, expires at: 1755965290257
[debug] [2025-08-23T15:15:55.748Z] >>> [apiv2][query] GET https://firebase.googleapis.com/v1beta1/projects pageSize=100
[debug] [2025-08-23T15:15:56.063Z] *** [apiv2] error from fetch(https://firebase.googleapis.com/v1beta1/projects?pageSize=100, {"headers":{},"method":"GET","signal":{}}): FetchError: request to https://firebase.googleapis.com/v1beta1/projects?pageSize=100 failed, reason: 
[debug] [2025-08-23T15:15:56.063Z] Failed to make request to https://firebase.googleapis.com/v1beta1/projects?pageSize=100
[debug] [2025-08-23T15:15:56.638Z] FirebaseError: Failed to make request to https://firebase.googleapis.com/v1beta1/projects?pageSize=100
    at RetryOperation._fn (/home/funmilayo/.nvm/versions/node/v22.17.0/lib/node_modules/firebase-tools/lib/apiv2.js:261:31)
    at process.processTicksAndRejections (node:internal/process/task_queues:105:5)
[error] 
[error] Error: Failed to list Firebase projects. See firebase-debug.log for more info.
